<?xml version="1.0" encoding="UTF-8"?>
<!-- Generated by org.testng.reporters.JUnitReportReporter -->
<testsuite hostname="ALIPL0932.local" failures="0" tests="1" name="tests.LoginTest" time="10.004" errors="0" timestamp="2024-10-18T08:17:31 IST" skipped="0">
  <testcase classname="tests.LoginTest" name="loginTest" time="10.004"/>
</testsuite> <!-- tests.LoginTest -->
