<?xml version="1.0" encoding="UTF-8"?>
<!-- Generated by org.testng.reporters.JUnitReportReporter -->
<testsuite hostname="ALIPL0932.local" failures="0" tests="1" name="tests.CompleteFlowTest" time="39.613" errors="0" timestamp="2024-10-24T08:05:07 IST" skipped="0">
  <testcase classname="tests.CompleteFlowTest" name="loginTest" time="39.613"/>
</testsuite> <!-- tests.CompleteFlowTest -->
